Update: 306508799
Update: 3040344523
Update: 2641301343
Update: 1147438238
Update: 2820761732
Update: 1356472137
Update: 101380474
Update: 809373250
Update: 2373824965
Update: 1894834
Update: 3246988753
Update: 686021003
Update: 835095724
Update: 2866941915
Update: 2640830277
Update: 2611262394
Update: 3461880406
Update: 284462221
Update: 4269130688
Update: 31835800
Update: 1657672352
Update: 707145570
Update: 3530156678
Update: 2509670577
Update: 209542044
Update: 1495241838
Update: 434142232
Update: 2576591457
Update: 2858434831
Update: 888391606
Update: 3412126779
Update: 1908102923
Update: 324929792
Update: 572620737
Update: 3172154770
Update: 2183527123
Update: 1205825392
Update: 1453552392
Update: 437479868
Update: 1459444602
Update: 343901711
Update: 830416050
Update: 3565776635
Update: 1675543614
Update: 3477630194
Update: 3843505510
Update: 1452829908
Update: 4020208885
Update: 1495480477
Update: 3396561559
Update: 1445611481
Update: 3771423873
Update: 4069400670
Update: 1583584773
Update: 3457044917
Update: 3092782957
